RFXCMD Version 0.3 (739)
------------------------------------------------
Received		= 14 01 00 00 02 53 2C 00 00 27 00 03 01 1C 10 82 00 00 00 00 00
Date/Time		= 2022-02-08 13:35:47
Packet Length		= 14
Packettype		= Interface Message
------------------------------------------------
Received		= 0B 11 00 00 00 38 51 F7 02 01 0F 80
Date/Time		= 2022-02-08 13:36:00
Packet Length		= 0B
Packettype		= Lighting2
Subtype			= AC
Seqnbr			= 00
Id			= 003851F7
Unitcode		= 2
Command			= On
Dim level		= 100%
Signal level		= 8
------------------------------------------------
Received		= 0B 11 00 01 00 38 51 F7 02 00 00 80
Date/Time		= 2022-02-08 13:36:08
Packet Length		= 0B
Packettype		= Lighting2
Subtype			= AC
Seqnbr			= 01
Id			= 003851F7
Unitcode		= 2
Command			= Off
Dim level		= 0%
Signal level		= 8
------------------------------------------------
Received		= 0B 11 00 02 02 F8 68 26 04 00 00 80
Date/Time		= 2022-02-08 13:36:08
Packet Length		= 0B
Packettype		= Lighting2
Subtype			= AC
Seqnbr			= 02
Id			= 02F86826
Unitcode		= 4
Command			= Off
Dim level		= 0%
Signal level		= 8
------------------------------------------------
Received		= 0B 11 00 03 00 38 51 F7 02 01 0F 80
Date/Time		= 2022-02-08 13:36:11
Packet Length		= 0B
Packettype		= Lighting2
Subtype			= AC
Seqnbr			= 03
Id			= 003851F7
Unitcode		= 2
Command			= On
Dim level		= 100%
Signal level		= 8
------------------------------------------------
Received		= 0B 11 00 04 02 F8 68 26 04 01 0F 90
Date/Time		= 2022-02-08 13:36:12
Packet Length		= 0B
Packettype		= Lighting2
Subtype			= AC
Seqnbr			= 04
Id			= 02F86826
Unitcode		= 4
Command			= On
Dim level		= 100%
Signal level		= 9
------------------------------------------------
Received		= 0B 11 00 05 00 38 51 F7 02 00 00 80
Date/Time		= 2022-02-08 13:36:14
Packet Length		= 0B
Packettype		= Lighting2
Subtype			= AC
Seqnbr			= 05
Id			= 003851F7
Unitcode		= 2
Command			= Off
Dim level		= 0%
Signal level		= 8
------------------------------------------------
Received		= 0B 11 00 06 02 F8 68 26 04 00 00 90
Date/Time		= 2022-02-08 13:36:15
Packet Length		= 0B
Packettype		= Lighting2
Subtype			= AC
Seqnbr			= 06
Id			= 02F86826
Unitcode		= 4
Command			= Off
Dim level		= 0%
Signal level		= 9
------------------------------------------------
Received		= 0B 11 00 07 02 F8 68 26 04 00 00 80
Date/Time		= 2022-02-08 13:36:16
Packet Length		= 0B
Packettype		= Lighting2
Subtype			= AC
Seqnbr			= 07
Id			= 02F86826
Unitcode		= 4
Command			= Off
Dim level		= 0%
Signal level		= 8
------------------------------------------------
Received		= 0B 11 00 08 00 38 51 F7 02 01 0F 80
Date/Time		= 2022-02-08 13:36:19
Packet Length		= 0B
Packettype		= Lighting2
Subtype			= AC
Seqnbr			= 08
Id			= 003851F7
Unitcode		= 2
Command			= On
Dim level		= 100%
Signal level		= 8
------------------------------------------------
Received		= 0B 11 00 09 02 F8 68 26 04 01 0F 80
Date/Time		= 2022-02-08 13:36:20
Packet Length		= 0B
Packettype		= Lighting2
Subtype			= AC
Seqnbr			= 09
Id			= 02F86826
Unitcode		= 4
Command			= On
Dim level		= 100%
Signal level		= 8
------------------------------------------------
Received		= 0B 11 00 0A 00 38 51 F7 02 00 00 80
Date/Time		= 2022-02-08 13:36:22
Packet Length		= 0B
Packettype		= Lighting2
Subtype			= AC
Seqnbr			= 0A
Id			= 003851F7
Unitcode		= 2
Command			= Off
Dim level		= 0%
Signal level		= 8
------------------------------------------------
Received		= 0B 11 00 0B 02 F8 68 26 04 00 00 80
Date/Time		= 2022-02-08 13:36:23
Packet Length		= 0B
Packettype		= Lighting2
Subtype			= AC
Seqnbr			= 0B
Id			= 02F86826
Unitcode		= 4
Command			= Off
Dim level		= 0%
Signal level		= 8
------------------------------------------------
Received		= 0B 11 00 0C 00 38 51 F7 02 01 0F 80
Date/Time		= 2022-02-08 13:36:24
Packet Length		= 0B
Packettype		= Lighting2
Subtype			= AC
Seqnbr			= 0C
Id			= 003851F7
Unitcode		= 2
Command			= On
Dim level		= 100%
Signal level		= 8
------------------------------------------------
Received		= 0B 11 00 0D 02 F8 68 26 04 01 0F 90
Date/Time		= 2022-02-08 13:36:25
Packet Length		= 0B
Packettype		= Lighting2
Subtype			= AC
Seqnbr			= 0D
Id			= 02F86826
Unitcode		= 4
Command			= On
Dim level		= 100%
Signal level		= 9
------------------------------------------------
Received		= 0B 11 00 0E 00 38 51 F7 02 00 00 80
Date/Time		= 2022-02-08 13:36:30
Packet Length		= 0B
Packettype		= Lighting2
Subtype			= AC
Seqnbr			= 0E
Id			= 003851F7
Unitcode		= 2
Command			= Off
Dim level		= 0%
Signal level		= 8
------------------------------------------------
Received		= 0B 11 00 0F 02 F8 68 26 04 00 00 90
Date/Time		= 2022-02-08 13:36:31
Packet Length		= 0B
Packettype		= Lighting2
Subtype			= AC
Seqnbr			= 0F
Id			= 02F86826
Unitcode		= 4
Command			= Off
Dim level		= 0%
Signal level		= 9
------------------------------------------------
Received		= 0B 11 00 10 00 38 51 F7 02 01 0F 90
Date/Time		= 2022-02-08 13:36:34
Packet Length		= 0B
Packettype		= Lighting2
Subtype			= AC
Seqnbr			= 10
Id			= 003851F7
Unitcode		= 2
Command			= On
Dim level		= 100%
Signal level		= 9
------------------------------------------------
Received		= 0B 11 00 11 02 F8 68 26 04 01 0F 80
Date/Time		= 2022-02-08 13:36:35
Packet Length		= 0B
Packettype		= Lighting2
Subtype			= AC
Seqnbr			= 11
Id			= 02F86826
Unitcode		= 4
Command			= On
Dim level		= 100%
Signal level		= 8
------------------------------------------------
Received		= 0B 11 00 12 00 38 51 F7 02 00 00 90
Date/Time		= 2022-02-08 13:37:07
Packet Length		= 0B
Packettype		= Lighting2
Subtype			= AC
Seqnbr			= 12
Id			= 003851F7
Unitcode		= 2
Command			= Off
Dim level		= 0%
Signal level		= 9
------------------------------------------------
Received		= 0B 11 00 13 02 F8 68 26 04 00 00 80
Date/Time		= 2022-02-08 13:37:08
Packet Length		= 0B
Packettype		= Lighting2
Subtype			= AC
Seqnbr			= 13
Id			= 02F86826
Unitcode		= 4
Command			= Off
Dim level		= 0%
Signal level		= 8
------------------------------------------------
Received		= 0B 11 00 14 00 38 51 F7 02 01 0F 90
Date/Time		= 2022-02-08 13:37:12
Packet Length		= 0B
Packettype		= Lighting2
Subtype			= AC
Seqnbr			= 14
Id			= 003851F7
Unitcode		= 2
Command			= On
Dim level		= 100%
Signal level		= 9
------------------------------------------------
Received		= 0B 11 00 15 02 F8 68 26 04 01 0F 80
Date/Time		= 2022-02-08 13:37:12
Packet Length		= 0B
Packettype		= Lighting2
Subtype			= AC
Seqnbr			= 15
Id			= 02F86826
Unitcode		= 4
Command			= On
Dim level		= 100%
Signal level		= 8
------------------------------------------------
Received		= 0B 11 00 16 00 38 51 F7 02 00 00 80
Date/Time		= 2022-02-08 13:38:01
Packet Length		= 0B
Packettype		= Lighting2
Subtype			= AC
Seqnbr			= 16
Id			= 003851F7
Unitcode		= 2
Command			= Off
Dim level		= 0%
Signal level		= 8
------------------------------------------------
Received		= 0B 11 00 17 02 F8 68 26 04 00 00 80
Date/Time		= 2022-02-08 13:38:02
Packet Length		= 0B
Packettype		= Lighting2
Subtype			= AC
Seqnbr			= 17
Id			= 02F86826
Unitcode		= 4
Command			= Off
Dim level		= 0%
Signal level		= 8
------------------------------------------------
Received		= 0B 11 00 18 00 38 51 F7 02 01 0F 90
Date/Time		= 2022-02-08 13:38:06
Packet Length		= 0B
Packettype		= Lighting2
Subtype			= AC
Seqnbr			= 18
Id			= 003851F7
Unitcode		= 2
Command			= On
Dim level		= 100%
Signal level		= 9
------------------------------------------------
Received		= 0B 11 00 19 02 F8 68 26 04 01 0F 90
Date/Time		= 2022-02-08 13:38:06
Packet Length		= 0B
Packettype		= Lighting2
Subtype			= AC
Seqnbr			= 19
Id			= 02F86826
Unitcode		= 4
Command			= On
Dim level		= 100%
Signal level		= 9
------------------------------------------------
Received		= 0B 11 00 1A 00 38 51 F7 02 00 00 80
Date/Time		= 2022-02-08 13:38:09
Packet Length		= 0B
Packettype		= Lighting2
Subtype			= AC
Seqnbr			= 1A
Id			= 003851F7
Unitcode		= 2
Command			= Off
Dim level		= 0%
Signal level		= 8
------------------------------------------------
Received		= 0B 11 00 1B 02 F8 68 26 04 00 00 90
Date/Time		= 2022-02-08 13:38:10
Packet Length		= 0B
Packettype		= Lighting2
Subtype			= AC
Seqnbr			= 1B
Id			= 02F86826
Unitcode		= 4
Command			= Off
Dim level		= 0%
Signal level		= 9
------------------------------------------------
Received		= 0B 11 00 1C 02 F8 68 26 04 00 00 80
Date/Time		= 2022-02-08 13:38:11
Packet Length		= 0B
Packettype		= Lighting2
Subtype			= AC
Seqnbr			= 1C
Id			= 02F86826
Unitcode		= 4
Command			= Off
Dim level		= 0%
Signal level		= 8
------------------------------------------------
Received		= 0B 11 00 1D 00 38 51 F7 02 01 0F 80
Date/Time		= 2022-02-08 13:38:13
Packet Length		= 0B
Packettype		= Lighting2
Subtype			= AC
Seqnbr			= 1D
Id			= 003851F7
Unitcode		= 2
Command			= On
Dim level		= 100%
Signal level		= 8
------------------------------------------------
Received		= 0B 11 00 1E 02 F8 68 26 04 01 0F 80
Date/Time		= 2022-02-08 13:38:13
Packet Length		= 0B
Packettype		= Lighting2
Subtype			= AC
Seqnbr			= 1E
Id			= 02F86826
Unitcode		= 4
Command			= On
Dim level		= 100%
Signal level		= 8
------------------------------------------------
Received		= 0B 11 00 1F 00 38 51 F7 02 01 0F 90
Date/Time		= 2022-02-08 13:38:16
Packet Length		= 0B
Packettype		= Lighting2
Subtype			= AC
Seqnbr			= 1F
Id			= 003851F7
Unitcode		= 2
Command			= On
Dim level		= 100%
Signal level		= 9
------------------------------------------------
Received		= 0B 11 00 20 02 F8 68 26 04 01 0F 80
Date/Time		= 2022-02-08 13:38:16
Packet Length		= 0B
Packettype		= Lighting2
Subtype			= AC
Seqnbr			= 20
Id			= 02F86826
Unitcode		= 4
Command			= On
Dim level		= 100%
Signal level		= 8
------------------------------------------------
Received		= 0B 11 00 21 00 28 C5 1B 02 00 00 80
Date/Time		= 2022-02-08 13:38:24
Packet Length		= 0B
Packettype		= Lighting2
Subtype			= AC
Seqnbr			= 21
Id			= 0028C51B
Unitcode		= 2
Command			= Off
Dim level		= 0%
Signal level		= 8
------------------------------------------------
Received		= 0B 11 00 22 02 F8 68 26 02 00 00 80
Date/Time		= 2022-02-08 13:38:25
Packet Length		= 0B
Packettype		= Lighting2
Subtype			= AC
Seqnbr			= 22
Id			= 02F86826
Unitcode		= 2
Command			= Off
Dim level		= 0%
Signal level		= 8
------------------------------------------------
Received		= 0B 11 00 23 02 F8 68 26 02 00 00 90
Date/Time		= 2022-02-08 13:38:26
Packet Length		= 0B
Packettype		= Lighting2
Subtype			= AC
Seqnbr			= 23
Id			= 02F86826
Unitcode		= 2
Command			= Off
Dim level		= 0%
Signal level		= 9
------------------------------------------------
Received		= 0B 11 00 24 00 28 C5 1B 02 01 0F 80
Date/Time		= 2022-02-08 13:38:29
Packet Length		= 0B
Packettype		= Lighting2
Subtype			= AC
Seqnbr			= 24
Id			= 0028C51B
Unitcode		= 2
Command			= On
Dim level		= 100%
Signal level		= 8
------------------------------------------------
Received		= 0B 11 00 25 02 F8 68 26 02 01 0F 80
Date/Time		= 2022-02-08 13:38:29
Packet Length		= 0B
Packettype		= Lighting2
Subtype			= AC
Seqnbr			= 25
Id			= 02F86826
Unitcode		= 2
Command			= On
Dim level		= 100%
Signal level		= 8
------------------------------------------------
Received		= 0B 11 00 26 00 28 C5 1B 02 00 00 80
Date/Time		= 2022-02-08 13:38:31
Packet Length		= 0B
Packettype		= Lighting2
Subtype			= AC
Seqnbr			= 26
Id			= 0028C51B
Unitcode		= 2
Command			= Off
Dim level		= 0%
Signal level		= 8
------------------------------------------------
Received		= 0B 11 00 27 02 F8 68 26 02 00 00 80
Date/Time		= 2022-02-08 13:38:31
Packet Length		= 0B
Packettype		= Lighting2
Subtype			= AC
Seqnbr			= 27
Id			= 02F86826
Unitcode		= 2
Command			= Off
Dim level		= 0%
Signal level		= 8
------------------------------------------------
Received		= 0B 11 00 28 02 F8 68 26 02 00 00 80
Date/Time		= 2022-02-08 13:38:33
Packet Length		= 0B
Packettype		= Lighting2
Subtype			= AC
Seqnbr			= 28
Id			= 02F86826
Unitcode		= 2
Command			= Off
Dim level		= 0%
Signal level		= 8
------------------------------------------------
Received		= 0B 11 00 29 00 28 C5 1B 02 01 0F 80
Date/Time		= 2022-02-08 13:38:34
Packet Length		= 0B
Packettype		= Lighting2
Subtype			= AC
Seqnbr			= 29
Id			= 0028C51B
Unitcode		= 2
Command			= On
Dim level		= 100%
Signal level		= 8
------------------------------------------------
Received		= 0B 11 00 2A 02 F8 68 26 02 01 0F 90
Date/Time		= 2022-02-08 13:38:34
Packet Length		= 0B
Packettype		= Lighting2
Subtype			= AC
Seqnbr			= 2A
Id			= 02F86826
Unitcode		= 2
Command			= On
Dim level		= 100%
Signal level		= 9
------------------------------------------------
Received		= 08 20 0A 2B 80 00 00 06 99
Date/Time		= 2022-02-08 13:38:34
Packet Length		= 08
Packettype		= Security1
Error: unrecognizable packet
------------------------------------------------
Received		= 0B 11 00 2C 02 F8 68 26 02 01 0F 80
Date/Time		= 2022-02-08 13:38:34
Packet Length		= 0B
Packettype		= Lighting2
Subtype			= AC
Seqnbr			= 2C
Id			= 02F86826
Unitcode		= 2
Command			= On
Dim level		= 100%
Signal level		= 8
------------------------------------------------
Received		= 0B 11 00 2D 00 28 C5 1B 02 00 00 90
Date/Time		= 2022-02-08 13:38:48
Packet Length		= 0B
Packettype		= Lighting2
Subtype			= AC
Seqnbr			= 2D
Id			= 0028C51B
Unitcode		= 2
Command			= Off
Dim level		= 0%
Signal level		= 9
------------------------------------------------
Received		= 0B 11 00 2E 02 F8 68 26 02 00 00 80
Date/Time		= 2022-02-08 13:38:49
Packet Length		= 0B
Packettype		= Lighting2
Subtype			= AC
Seqnbr			= 2E
Id			= 02F86826
Unitcode		= 2
Command			= Off
Dim level		= 0%
Signal level		= 8
------------------------------------------------
Received		= 0B 11 00 2F 00 28 C5 1B 02 01 0F 80
Date/Time		= 2022-02-08 13:38:51
Packet Length		= 0B
Packettype		= Lighting2
Subtype			= AC
Seqnbr			= 2F
Id			= 0028C51B
Unitcode		= 2
Command			= On
Dim level		= 100%
Signal level		= 8
------------------------------------------------
Received		= 0B 11 00 30 02 F8 68 26 02 01 0F 90
Date/Time		= 2022-02-08 13:38:51
Packet Length		= 0B
Packettype		= Lighting2
Subtype			= AC
Seqnbr			= 30
Id			= 02F86826
Unitcode		= 2
Command			= On
Dim level		= 100%
Signal level		= 9
------------------------------------------------
Received		= 0B 11 00 31 00 28 C5 1B 02 00 00 90
Date/Time		= 2022-02-08 13:38:54
Packet Length		= 0B
Packettype		= Lighting2
Subtype			= AC
Seqnbr			= 31
Id			= 0028C51B
Unitcode		= 2
Command			= Off
Dim level		= 0%
Signal level		= 9
------------------------------------------------
Received		= 0B 11 00 32 02 F8 68 26 02 00 00 80
Date/Time		= 2022-02-08 13:38:54
Packet Length		= 0B
Packettype		= Lighting2
Subtype			= AC
Seqnbr			= 32
Id			= 02F86826
Unitcode		= 2
Command			= Off
Dim level		= 0%
Signal level		= 8
------------------------------------------------
Received		= 0B 11 00 33 00 38 51 F7 02 00 00 90
Date/Time		= 2022-02-08 13:38:58
Packet Length		= 0B
Packettype		= Lighting2
Subtype			= AC
Seqnbr			= 33
Id			= 003851F7
Unitcode		= 2
Command			= Off
Dim level		= 0%
Signal level		= 9
------------------------------------------------
Received		= 0B 11 00 34 02 F8 68 26 04 00 00 80
Date/Time		= 2022-02-08 13:38:58
Packet Length		= 0B
Packettype		= Lighting2
Subtype			= AC
Seqnbr			= 34
Id			= 02F86826
Unitcode		= 4
Command			= Off
Dim level		= 0%
Signal level		= 8
